<?xml version="1.0" encoding="UTF-8"?>
<!-- Generated by org.testng.reporters.JUnitReportReporter -->
<testsuite skipped="0" hostname="DESKTOP-J9VLADR" name="mavenframe.maventest.day1Test" tests="2" failures="0" timestamp="2019-09-05T20:07:44 BST" time="9.352" errors="0">
  <testcase name="openurl" time="6.618" classname="mavenframe.maventest.day1Test"/>
  <testcase name="login" time="2.734" classname="mavenframe.maventest.day1Test"/>
</testsuite> <!-- mavenframe.maventest.day1Test -->
